<?xml version="1.0" encoding="UTF-8"?>
<!-- Generated by org.testng.reporters.JUnitXMLReporter -->
<testsuite hostname="DESKTOP-1T2AMDB" ignored="3" name="Test" tests="15" failures="2" timestamp="2021-01-17T21:35:38 IST" time="161.493" errors="0">
  <testcase name="verifyContactUseLink" time="8.511" classname="TestCases.Home_Contactus_PageVerification_001">
    <skipped/>
  </testcase> <!-- verifyContactUseLink -->
  <testcase name="verifyContactUseLink" time="8.595" classname="TestCases.Home_Contactus_PageVerification_001">
    <skipped/>
  </testcase> <!-- verifyContactUseLink -->
  <testcase name="verifyContactUseLink" time="5.492" classname="TestCases.Home_Contactus_PageVerification_001">
    <failure type="java.lang.AssertionError" message="expected [CUSTOMER SERVICE - CONTACT US ] but found [CUSTOMER SERVICE - CONTACT US]">
      <![CDATA[java.lang.AssertionError: expected [CUSTOMER SERVICE - CONTACT US ] but found [CUSTOMER SERVICE - CONTACT US]
at TestCases.Home_Contactus_PageVerification_001.verifyContactUseLink(Home_Contactus_PageVerification_001.java:43)
at java.util.concurrent.ThreadPoolExecutor.runWorker(ThreadPoolExecutor.java:1149)
at java.util.concurrent.ThreadPoolExecutor$Worker.run(ThreadPoolExecutor.java:624)
at java.lang.Thread.run(Thread.java:748)
... Removed 17 stack frames]]>
    </failure>
  </testcase> <!-- verifyContactUseLink -->
  <testcase name="ProductSelection" time="7.909" classname="TestCases.Home_AddToCart_CheckProduct_003"/>
  <testcase name="verifyCartButtonWithoutProduct" time="11.55" classname="TestCases.Home_CartButton_Verification_002"/>
  <testcase name="verifyCartButtonWithProduct" time="5.598" classname="TestCases.Home_CartButton_Verification_002">
    <skipped/>
  </testcase> <!-- verifyCartButtonWithProduct -->
  <testcase name="verifyDressPage" time="19.972" classname="TestCases.Dress_VerifyPageTitle_001"/>
  <testcase name="verifyCartButtonWithProduct" time="5.119" classname="TestCases.Home_CartButton_Verification_002">
    <skipped/>
  </testcase> <!-- verifyCartButtonWithProduct -->
  <testcase name="VerifyWomenPageSection" time="21.776" classname="TestCases.Women_VerifyWomensPage_001"/>
  <testcase name="verifySortByDropDowm" time="4.038" classname="TestCases.Women_VerifyWomensPage_001"/>
  <testcase name="verifyCartButtonWithProduct" time="5.09" classname="TestCases.Home_CartButton_Verification_002">
    <failure type="org.openqa.selenium.json.JsonException" message="java.lang.reflect.InvocationTargetException
Build info: version: &amp;apos;3.141.59&amp;apos;, revision: &amp;apos;e82be7d358&amp;apos;, time: &amp;apos;2018-11-14T08:17:03&amp;apos;
System info: host: &amp;apos;DESKTOP-1T2AMDB&amp;apos;, ip: &amp;apos;192.168.0.4&amp;apos;, os.name: &amp;apos;Windows 10&amp;apos;, os.arch: &amp;apos;amd64&amp;apos;, os.version: &amp;apos;10.0&amp;apos;, java.version: &amp;apos;1.8.0_251&amp;apos;
Driver info: driver.version: RemoteWebDriver">
      <![CDATA[org.openqa.selenium.json.JsonException: java.lang.reflect.InvocationTargetException
Build info: version: '3.141.59', revision: 'e82be7d358', time: '2018-11-14T08:17:03'
System info: host: 'DESKTOP-1T2AMDB', ip: '192.168.0.4', os.name: 'Windows 10', os.arch: 'amd64', os.version: '10.0', java.version: '1.8.0_251'
Driver info: driver.version: RemoteWebDriver
at org.openqa.selenium.json.JsonOutput.convertUsingMethod(JsonOutput.java:332)
at org.openqa.selenium.json.JsonOutput.lambda$new$16(JsonOutput.java:155)
at org.openqa.selenium.json.JsonOutput.write(JsonOutput.java:264)
at org.openqa.selenium.json.JsonOutput.lambda$null$21(JsonOutput.java:168)
at java.util.LinkedHashMap$LinkedValues.forEach(LinkedHashMap.java:608)
at org.openqa.selenium.json.JsonOutput.lambda$new$22(JsonOutput.java:168)
at org.openqa.selenium.json.JsonOutput.write(JsonOutput.java:264)
at org.openqa.selenium.json.JsonOutput.lambda$null$23(JsonOutput.java:177)
at com.google.common.collect.SingletonImmutableBiMap.forEach(SingletonImmutableBiMap.java:65)
at org.openqa.selenium.json.JsonOutput.lambda$new$24(JsonOutput.java:176)
at org.openqa.selenium.json.JsonOutput.write(JsonOutput.java:264)
at org.openqa.selenium.json.JsonOutput.write(JsonOutput.java:255)
at org.openqa.selenium.json.Json.toJson(Json.java:42)
at org.openqa.selenium.remote.http.AbstractHttpCommandCodec.encode(AbstractHttpCommandCodec.java:227)
at org.openqa.selenium.remote.http.AbstractHttpCommandCodec.encode(AbstractHttpCommandCodec.java:117)
at org.openqa.selenium.remote.HttpCommandExecutor.execute(HttpCommandExecutor.java:152)
at org.openqa.selenium.remote.service.DriverCommandExecutor.execute(DriverCommandExecutor.java:83)
at org.openqa.selenium.remote.RemoteWebDriver.execute(RemoteWebDriver.java:552)
at org.openqa.selenium.remote.RemoteWebDriver.perform(RemoteWebDriver.java:618)
at org.openqa.selenium.interactions.Actions$BuiltAction.perform(Actions.java:639)
at TestCases.Home_CartButton_Verification_002.verifyCartButtonWithProduct(Home_CartButton_Verification_002.java:41)
at java.util.concurrent.ThreadPoolExecutor.runWorker(ThreadPoolExecutor.java:1149)
at java.util.concurrent.ThreadPoolExecutor$Worker.run(ThreadPoolExecutor.java:624)
at java.lang.Thread.run(Thread.java:748)
Suppressed: org.openqa.selenium.json.JsonException: Attempting to close incomplete json stream
Build info: version: '3.141.59', revision: 'e82be7d358', time: '2018-11-14T08:17:03'
System info: host: 'DESKTOP-1T2AMDB', ip: '192.168.0.4', os.name: 'Windows 10', os.arch: 'amd64', os.version: '10.0', java.version: '1.8.0_251'
Driver info: driver.version: RemoteWebDriver
at org.openqa.selenium.json.JsonOutput.close(JsonOutput.java:279)
at org.openqa.selenium.json.Json.toJson(Json.java:44)
... 23 more
at org.openqa.selenium.json.JsonOutput.convertUsingMethod(JsonOutput.java:328)
... 35 more
Caused by: org.openqa.selenium.NoSuchElementException: no such element: Unable to locate element: {"method":"xpath","selector":"//img[@title='Faded Short Sleeve T-shirts']"}
  (Session info: chrome=87.0.4280.141)
For documentation on this error, please visit: https://www.seleniumhq.org/exceptions/no_such_element.html
Build info: version: '3.141.59', revision: 'e82be7d358', time: '2018-11-14T08:17:03'
System info: host: 'DESKTOP-1T2AMDB', ip: '192.168.0.4', os.name: 'Windows 10', os.arch: 'amd64', os.version: '10.0', java.version: '1.8.0_251'
Driver info: org.openqa.selenium.chrome.ChromeDriver
Capabilities {acceptInsecureCerts: false, browserName: chrome, browserVersion: 87.0.4280.141, chrome: {chromedriverVersion: 86.0.4240.22 (398b0743353ff..., userDataDir: C:\Users\YashPooja\AppData\...}, goog:chromeOptions: {debuggerAddress: localhost:63217}, javascriptEnabled: true, networkConnectionEnabled: false, pageLoadStrategy: normal, platform: WINDOWS, platformName: WINDOWS, proxy: Proxy(), setWindowRect: true, strictFileInteractability: false, timeouts: {implicit: 0, pageLoad: 300000, script: 30000}, unhandledPromptBehavior: dismiss and notify, webauthn:virtualAuthenticators: true}
Session ID: d5c0c0ccc992c762ef671385de651fbb
*** Element info: {Using=xpath, value=//img[@title='Faded Short Sleeve T-shirts']}
at org.openqa.selenium.remote.http.W3CHttpResponseCodec.createException(W3CHttpResponseCodec.java:187)
at org.openqa.selenium.remote.http.W3CHttpResponseCodec.decode(W3CHttpResponseCodec.java:122)
at org.openqa.selenium.remote.http.W3CHttpResponseCodec.decode(W3CHttpResponseCodec.java:49)
at org.openqa.selenium.remote.HttpCommandExecutor.execute(HttpCommandExecutor.java:158)
at org.openqa.selenium.remote.service.DriverCommandExecutor.execute(DriverCommandExecutor.java:83)
at org.openqa.selenium.remote.RemoteWebDriver.execute(RemoteWebDriver.java:552)
at org.openqa.selenium.remote.RemoteWebDriver.findElement(RemoteWebDriver.java:323)
at org.openqa.selenium.remote.RemoteWebDriver.findElementByXPath(RemoteWebDriver.java:428)
at org.openqa.selenium.By$ByXPath.findElement(By.java:353)
at org.openqa.selenium.remote.RemoteWebDriver.findElement(RemoteWebDriver.java:315)
at org.openqa.selenium.support.pagefactory.DefaultElementLocator.findElement(DefaultElementLocator.java:69)
at org.openqa.selenium.support.pagefactory.internal.LocatingElementHandler.invoke(LocatingElementHandler.java:38)
at com.sun.proxy.$Proxy26.getWrappedElement(Unknown Source)
at org.openqa.selenium.interactions.PointerInput$Origin.asArg(PointerInput.java:204)
at org.openqa.selenium.interactions.PointerInput$Move.encode(PointerInput.java:155)
at org.openqa.selenium.interactions.Sequence.encode(Sequence.java:75)
at org.openqa.selenium.interactions.Sequence.toJson(Sequence.java:84)
... 40 more
... Removed 21 stack frames]]>
    </failure>
  </testcase> <!-- verifyCartButtonWithProduct -->
  <testcase name="completeRegistraion" time="38.616" classname="TestCases.Home_Sign_Registration_004">
    <skipped/>
  </testcase> <!-- completeRegistraion -->
  <testcase name="verifyMyAccountFooterLinks" time="68.22" classname="TestCases.Home_Footer_InformationLinks_Verification_004"/>
  <testcase name="completeRegistraion" time="15.739" classname="TestCases.Home_Sign_Registration_004">
    <skipped/>
  </testcase> <!-- completeRegistraion -->
  <testcase name="completeRegistraion" time="30.771" classname="TestCases.Home_Sign_Registration_004"/>
  <testcase name="sendMessage_UploadusingSendKeys" time="0.0" classname="TestCases.Home_Contactus_PageVerification_001">
    <ignored/>
  </testcase> <!-- sendMessage_UploadusingSendKeys -->
  <testcase name="Monster_FileUploadUsingRobotClass" time="0.0" classname="TestCases.Home_Contactus_PageVerification_001">
    <ignored/>
  </testcase> <!-- Monster_FileUploadUsingRobotClass -->
  <testcase name="homeButtonVerification" time="0.0" classname="TestCases.Home_Contactus_PageVerification_001">
    <ignored/>
  </testcase> <!-- homeButtonVerification -->
</testsuite> <!-- Test -->
