<?xml version="1.0" encoding="UTF-8"?>
<!-- Generated by org.testng.reporters.JUnitXMLReporter -->
<testsuite hostname="DESKTOP-1T2AMDB" ignored="0" name="Test" tests="4" failures="0" timestamp="2021-01-10T00:55:49 IST" time="97.298" errors="0">
  <testcase name="VerifyWomenPage" time="8.945" classname="TestCases.Women_VerifyPageTitle_001"/>
  <testcase name="homeButtonVerification" time="9.225" classname="TestCases.Home_Contactus_HomeButtonVerification_002"/>
  <testcase name="verifyDressPage" time="5.383" classname="TestCases.Dress_VerifyPageTitle_001"/>
  <testcase name="verifyContactUseLink" time="7.845" classname="TestCases.Home_ContactUs_LinkVerification_001"/>
</testsuite> <!-- Test -->
