<?xml version="1.0" encoding="UTF-8"?>
<testng-results skipped="0" failed="0" ignored="0" total="1" passed="1">
  <reporter-output>
  </reporter-output>
  <suite name="Default suite" duration-ms="34280" started-at="2021-01-06T12:07:48 IST" finished-at="2021-01-06T12:08:22 IST">
    <groups>
    </groups>
    <test name="Default test" duration-ms="34280" started-at="2021-01-06T12:07:48 IST" finished-at="2021-01-06T12:08:22 IST">
      <class name="TestCases.Women_VerifyPageTitle_001">
        <test-method status="PASS" signature="setUp()[pri:0, instance:TestCases.Women_VerifyPageTitle_001@3dd4520b]" name="setUp" is-config="true" duration-ms="22946" started-at="2021-01-06T12:07:48 IST" finished-at="2021-01-06T12:08:11 IST">
          <reporter-output>
          </reporter-output>
        </test-method> <!-- setUp -->
        <test-method status="PASS" signature="selectCheckbox()[pri:0, instance:TestCases.Women_VerifyPageTitle_001@3dd4520b]" name="selectCheckbox" duration-ms="9340" started-at="2021-01-06T12:08:11 IST" finished-at="2021-01-06T12:08:21 IST">
          <reporter-output>
          </reporter-output>
        </test-method> <!-- selectCheckbox -->
        <test-method status="PASS" signature="tearDown()[pri:0, instance:TestCases.Women_VerifyPageTitle_001@3dd4520b]" name="tearDown" is-config="true" duration-ms="1853" started-at="2021-01-06T12:08:21 IST" finished-at="2021-01-06T12:08:22 IST">
          <reporter-output>
          </reporter-output>
        </test-method> <!-- tearDown -->
      </class> <!-- TestCases.Women_VerifyPageTitle_001 -->
    </test> <!-- Default test -->
  </suite> <!-- Default suite -->
</testng-results>
