<?xml version="1.0" encoding="UTF-8"?>
<!-- Generated by org.testng.reporters.JUnitReportReporter -->
<testsuite skipped="0" hostname="DESKTOP-1T2AMDB" name="TestCases.Home_Footer_InformationLinks_Verification_004" tests="1" failures="0" timestamp="2021-01-15T17:47:19 IST" time="60.672" errors="0">
  <testcase name="verifyMyAccountFooterLinks" time="60.672" classname="TestCases.Home_Footer_InformationLinks_Verification_004"/>
</testsuite> <!-- TestCases.Home_Footer_InformationLinks_Verification_004 -->
